02:35:32: Creating resource group General
02:35:32: Creating resource group Internal
02:35:32: Creating resource group Autodetect
02:35:32: SceneManagerFactory for type 'DefaultSceneManager' registered.
02:35:32: Registering ResourceManager for type Material
02:35:32: Registering ResourceManager for type Mesh
02:35:32: Registering ResourceManager for type Skeleton
02:35:32: MovableObjectFactory for type 'ParticleSystem' registered.
02:35:32: ArchiveFactory for archive type FileSystem registered.
02:35:32: ArchiveFactory for archive type Zip registered.
02:35:32: ArchiveFactory for archive type EmbeddedZip registered.
02:35:32: DDS codec registering
02:35:32: FreeImage version: 3.15.3
02:35:32: This program uses FreeImage, a free, open source image library supporting all common bitmap formats. See http://freeimage.sourceforge.net for details
02:35:32: Supported formats: bmp,ico,jpg,jif,jpeg,jpe,jng,koa,iff,lbm,mng,pbm,pbm,pcd,pcx,pgm,pgm,png,ppm,ppm,ras,tga,targa,tif,tiff,wap,wbmp,wbm,psd,cut,xbm,xpm,gif,hdr,g3,sgi,exr,j2k,j2c,jp2,pfm,pct,pict,pic,3fr,arw,bay,bmq,cap,cine,cr2,crw,cs1,dc2,dcr,drf,dsc,dng,erf,fff,ia,iiq,k25,kc2,kdc,mdc,mef,mos,mrw,nef,nrw,orf,pef,ptx,pxn,qtk,raf,raw,rdc,rw2,rwl,rwz,sr2,srf,srw,sti
02:35:32: Registering ResourceManager for type HighLevelGpuProgram
02:35:32: Registering ResourceManager for type Compositor
02:35:32: MovableObjectFactory for type 'Entity' registered.
02:35:32: MovableObjectFactory for type 'Light' registered.
02:35:32: MovableObjectFactory for type 'BillboardSet' registered.
02:35:32: MovableObjectFactory for type 'ManualObject' registered.
02:35:32: MovableObjectFactory for type 'BillboardChain' registered.
02:35:32: MovableObjectFactory for type 'RibbonTrail' registered.
02:35:32: Loading library .\RenderSystem_Direct3D9_d
02:35:32: Installing plugin: D3D9 RenderSystem
02:35:32: D3D9 : Direct3D9 Rendering Subsystem created.
02:35:32: D3D9: Driver Detection Starts
02:35:32: D3D9: Driver Detection Ends
02:35:32: Plugin successfully installed
02:35:32: Loading library .\RenderSystem_GL_d
02:35:33: Installing plugin: GL RenderSystem
02:35:33: OpenGL Rendering Subsystem created.
02:35:33: Plugin successfully installed
02:35:33: Loading library .\Plugin_PCZSceneManager_d
02:35:33: Installing plugin: Portal Connected Zone Scene Manager
02:35:33: PCZone Factory Type 'ZoneType_Default' registered
02:35:33: Plugin successfully installed
02:35:33: Loading library .\Plugin_OctreeZone_d
02:35:33: Installing plugin: Octree Zone Factory
02:35:33: Plugin successfully installed
02:35:33: Loading library .\Plugin_OctreeSceneManager_d
02:35:33: Installing plugin: Octree Scene Manager
02:35:33: Plugin successfully installed
02:35:33: *-*-* OGRE Initialising
02:35:33: *-*-* Version 1.9.0 (Ghadamon)
02:35:33: Added resource location '../OgrePong/Content/' of type 'FileSystem' to resource group 'General'
02:35:33: Added resource location '../OgrePong/Content//Models/' of type 'FileSystem' to resource group 'General'
02:35:33: Added resource location '../OgrePong/Content//Materials/' of type 'FileSystem' to resource group 'General'
02:35:33: Added resource location '../OgrePong/Content/Overlays/' of type 'FileSystem' to resource group 'General'
02:35:33: D3D9 : RenderSystem Option: Allow DirectX9Ex = No
02:35:33: D3D9 : RenderSystem Option: Allow NVPerfHUD = No
02:35:33: D3D9 : RenderSystem Option: FSAA = 0
02:35:33: D3D9 : RenderSystem Option: Fixed Pipeline Enabled = Yes
02:35:33: D3D9 : RenderSystem Option: Floating-point mode = Fastest
02:35:33: D3D9 : RenderSystem Option: Full Screen = No
02:35:33: D3D9 : RenderSystem Option: Multi device memory hint = Use minimum system memory
02:35:33: D3D9 : RenderSystem Option: Rendering Device = Monitor-1-VMware SVGA 3D
02:35:33: D3D9 : RenderSystem Option: Resource Creation Policy = Create on all devices
02:35:33: D3D9 : RenderSystem Option: Use Multihead = Auto
02:35:33: D3D9 : RenderSystem Option: VSync = No
02:35:33: D3D9 : RenderSystem Option: VSync Interval = 1
02:35:33: D3D9 : RenderSystem Option: Video Mode = 800 x 600 @ 32-bit colour
02:35:33: D3D9 : RenderSystem Option: sRGB Gamma Conversion = No
02:35:58: CPU Identifier & Features
02:35:58: -------------------------
02:35:58:  *   CPU ID: GenuineIntel: Intel(R) Core(TM) i7-4770HQ CPU @ 2.20GHz
02:35:58:  *      SSE: yes
02:35:58:  *     SSE2: yes
02:35:58:  *     SSE3: yes
02:35:58:  *      MMX: yes
02:35:58:  *   MMXEXT: yes
02:35:58:  *    3DNOW: no
02:35:58:  * 3DNOWEXT: no
02:35:58:  *     CMOV: yes
02:35:58:  *      TSC: yes
02:35:58:  *      FPU: yes
02:35:58:  *      PRO: yes
02:35:58:  *       HT: no
02:35:58: -------------------------
02:35:58: D3D9 : Subsystem Initialising
02:35:58: Registering ResourceManager for type Texture
02:35:58: Registering ResourceManager for type GpuProgram
02:35:58: D3D9RenderSystem::_createRenderWindow "OGRE Render Window", 800x600 windowed  miscParams: FSAA=0 FSAAHint= colourDepth=32 gamma=false monitorIndex=0 useNVPerfHUD=false vsync=false vsyncInterval=1 
02:35:58: D3D9 : Created D3D9 Rendering Window 'OGRE Render Window' : 800x600, 32bpp
02:35:58: D3D9 : WARNING - disabling VSync in windowed mode can cause timing issues at lower frame rates, turn VSync on if you observe this problem.
02:35:58: D3D9: Vertex texture format supported - PF_FLOAT16_RGB
02:35:58: D3D9: Vertex texture format supported - PF_FLOAT16_RGBA
02:35:58: D3D9: Vertex texture format supported - PF_FLOAT32_RGB
02:35:58: D3D9: Vertex texture format supported - PF_FLOAT32_RGBA
02:35:58: D3D9: Vertex texture format supported - PF_FLOAT16_R
02:35:58: D3D9: Vertex texture format supported - PF_FLOAT32_R
02:35:58: D3D9: Vertex texture format supported - PF_FLOAT16_GR
02:35:58: D3D9: Vertex texture format supported - PF_FLOAT32_GR
02:35:58: RenderSystem capabilities
02:35:58: -------------------------
02:35:58: RenderSystem Name: Direct3D9 Rendering Subsystem
02:35:58: GPU Vendor: unknown
02:35:58: Device Name: Monitor-1-VMware SVGA 3D
02:35:58: Driver Version: 8.14.1.51
02:35:58:  * Fixed function pipeline: yes
02:35:58:  * Hardware generation of mipmaps: yes
02:35:58:  * Texture blending: yes
02:35:58:  * Anisotropic texture filtering: yes
02:35:58:  * Dot product texture operation: yes
02:35:58:  * Cube mapping: yes
02:35:58:  * Hardware stencil buffer: yes
02:35:58:    - Stencil depth: 8
02:35:58:    - Two sided stencil support: yes
02:35:58:    - Wrap stencil values: yes
02:35:58:  * Hardware vertex / index buffers: yes
02:35:58:  * Vertex programs: yes
02:35:58:  * Number of floating-point constants for vertex programs: 256
02:35:58:  * Number of integer constants for vertex programs: 16
02:35:58:  * Number of boolean constants for vertex programs: 16
02:35:58:  * Fragment programs: yes
02:35:58:  * Number of floating-point constants for fragment programs: 224
02:35:58:  * Number of integer constants for fragment programs: 16
02:35:58:  * Number of boolean constants for fragment programs: 16
02:35:58:  * Geometry programs: no
02:35:58:  * Number of floating-point constants for geometry programs: 0
02:35:58:  * Number of integer constants for geometry programs: 0
02:35:58:  * Number of boolean constants for geometry programs: 0
02:35:58:  * Tesselation Hull programs: no
02:35:58:  * Number of floating-point constants for tesselation hull programs: 0
02:35:58:  * Number of integer constants for tesselation hull programs: 0
02:35:58:  * Number of boolean constants for tesselation hull programs: 0
02:35:58:  * Tesselation Domain programs: no
02:35:58:  * Number of floating-point constants for tesselation domain programs: 0
02:35:58:  * Number of integer constants for tesselation domain programs: 0
02:35:58:  * Number of boolean constants for tesselation domain programs: 0
02:35:58:  * Compute programs: no
02:35:58:  * Number of floating-point constants for compute programs: 0
02:35:58:  * Number of integer constants for compute programs: 0
02:35:58:  * Number of boolean constants for compute programs: 0
02:35:58:  * Supported Shader Profiles: hlsl ps_1_1 ps_1_2 ps_1_3 ps_1_4 ps_2_0 ps_2_a ps_2_b ps_2_x ps_3_0 vs_1_1 vs_2_0 vs_2_a vs_2_x vs_3_0
02:35:58:  * Texture Compression: yes
02:35:58:    - DXT: yes
02:35:58:    - VTC: no
02:35:58:    - PVRTC: no
02:35:58:    - ATC: no
02:35:58:    - ETC1: no
02:35:58:    - ETC2: no
02:35:58:    - BC4/BC5: no
02:35:58:    - BC6H/BC7: no
02:35:58:  * Scissor Rectangle: yes
02:35:58:  * Hardware Occlusion Query: yes
02:35:58:  * User clip planes: yes
02:35:58:  * VET_UBYTE4 vertex element type: yes
02:35:58:  * Infinite far plane projection: yes
02:35:58:  * Hardware render-to-texture: yes
02:35:58:  * Floating point textures: yes
02:35:58:  * Non-power-of-two textures: yes
02:35:58:  * 1d textures: yes
02:35:58:  * Volume textures: yes
02:35:58:  * Multiple Render Targets: 4
02:35:58:    - With different bit depths: yes
02:35:58:  * Point Sprites: yes
02:35:58:  * Extended point parameters: yes
02:35:58:  * Max Point Size: 255.875
02:35:58:  * Vertex texture fetch: yes
02:35:58:  * Number of world matrices: 0
02:35:58:  * Number of texture units: 8
02:35:58:  * Stencil buffer depth: 8
02:35:58:  * Number of vertex blend matrices: 0
02:35:58:    - Max vertex textures: 4
02:35:58:    - Vertex textures shared: no
02:35:58:  * Render to Vertex Buffer : no
02:35:58:  * Hardware Atomic Counters: no
02:35:58:  * DirectX per stage constants: no
02:35:58: ***************************************
02:35:58: *** D3D9 : Subsystem Initialised OK ***
02:35:58: ***************************************
02:35:58: DefaultWorkQueue('Root') initialising on thread e18.
02:35:58: Particle Renderer Type 'billboard' registered
02:35:58: SceneManagerFactory for type 'PCZSceneManager' registered.
02:35:58: MovableObjectFactory for type 'PCZLight' registered.
02:35:58: MovableObjectFactory for type 'Portal' registered.
02:35:58: MovableObjectFactory for type 'AntiPortal' registered.
02:35:58: PCZone Factory Type 'ZoneType_Octree' registered
02:35:58: SceneManagerFactory for type 'OctreeSceneManager' registered.
02:35:58: OverlayElementFactory for type Panel registered.
02:35:58: OverlayElementFactory for type BorderPanel registered.
02:35:58: OverlayElementFactory for type TextArea registered.
02:35:58: Registering ResourceManager for type Font
02:35:58: Parsing scripts for resource group Autodetect
02:35:58: Finished parsing scripts for resource group Autodetect
02:35:58: Creating resources for group Autodetect
02:35:58: All done
02:35:58: Parsing scripts for resource group General
02:35:58: Parsing script CoinMat.material
02:35:58: Parsing script SolidColor.material
02:35:58: Parsing script yellow.material
02:35:58: Parsing script bluehigh.fontdef
02:35:58: Parsing script Example.overlay
02:35:58: Finished parsing scripts for resource group General
02:35:58: Creating resources for group General
02:35:58: All done
02:35:58: Parsing scripts for resource group Internal
02:35:58: Finished parsing scripts for resource group Internal
02:35:58: Creating resources for group Internal
02:35:58: All done
02:35:58: DefaultWorkQueue('Root')::WorkerFunc - thread ca4 starting.
02:35:58: Mesh: Loading coin.mesh.
02:35:58: WARNING: coin.mesh is an older format ([MeshSerializer_v1.41]); you should upgrade it as soon as possible using the OgreMeshUpgrade tool.
02:35:58: Texture: coinGraphic2.png: Loading 1 faces(PF_A8R8G8B8,1024x1024x1) Internal format is PF_A8R8G8B8,1024x1024x1.
02:35:58: Mesh: Loading pingpp.mesh.
02:35:58: Texture: pingpang.png: Loading 1 faces(PF_A8R8G8B8,1024x1024x1) Internal format is PF_A8R8G8B8,1024x1024x1.
02:35:58: Font BlueHighwayBig using texture size 1024x1024
02:35:58: Info: Freetype returned null for character 127 in font BlueHighwayBig
02:35:58: Info: Freetype returned null for character 128 in font BlueHighwayBig
02:35:58: Info: Freetype returned null for character 129 in font BlueHighwayBig
02:35:58: Info: Freetype returned null for character 130 in font BlueHighwayBig
02:35:58: Info: Freetype returned null for character 131 in font BlueHighwayBig
02:35:58: Info: Freetype returned null for character 132 in font BlueHighwayBig
02:35:58: Info: Freetype returned null for character 133 in font BlueHighwayBig
02:35:58: Info: Freetype returned null for character 134 in font BlueHighwayBig
02:35:58: Info: Freetype returned null for character 135 in font BlueHighwayBig
02:35:58: Info: Freetype returned null for character 136 in font BlueHighwayBig
02:35:58: Info: Freetype returned null for character 137 in font BlueHighwayBig
02:35:58: Info: Freetype returned null for character 138 in font BlueHighwayBig
02:35:58: Info: Freetype returned null for character 139 in font BlueHighwayBig
02:35:58: Info: Freetype returned null for character 140 in font BlueHighwayBig
02:35:58: Info: Freetype returned null for character 141 in font BlueHighwayBig
02:35:58: Info: Freetype returned null for character 142 in font BlueHighwayBig
02:35:58: Info: Freetype returned null for character 143 in font BlueHighwayBig
02:35:58: Info: Freetype returned null for character 144 in font BlueHighwayBig
02:35:58: Info: Freetype returned null for character 145 in font BlueHighwayBig
02:35:58: Info: Freetype returned null for character 146 in font BlueHighwayBig
02:35:58: Info: Freetype returned null for character 147 in font BlueHighwayBig
02:35:58: Info: Freetype returned null for character 148 in font BlueHighwayBig
02:35:58: Info: Freetype returned null for character 149 in font BlueHighwayBig
02:35:58: Info: Freetype returned null for character 150 in font BlueHighwayBig
02:35:58: Info: Freetype returned null for character 151 in font BlueHighwayBig
02:35:58: Info: Freetype returned null for character 152 in font BlueHighwayBig
02:35:58: Info: Freetype returned null for character 153 in font BlueHighwayBig
02:35:58: Info: Freetype returned null for character 154 in font BlueHighwayBig
02:35:58: Info: Freetype returned null for character 155 in font BlueHighwayBig
02:35:58: Info: Freetype returned null for character 156 in font BlueHighwayBig
02:35:58: Info: Freetype returned null for character 157 in font BlueHighwayBig
02:35:58: Info: Freetype returned null for character 158 in font BlueHighwayBig
02:35:58: Info: Freetype returned null for character 159 in font BlueHighwayBig
02:35:58: Info: Freetype returned null for character 160 in font BlueHighwayBig
02:35:58: Texture: BlueHighwayBigTexture: Loading 1 faces(PF_BYTE_LA,1024x1024x1) with 0 generated mipmaps from Image. Internal format is PF_BYTE_LA,1024x1024x1.
02:35:58: Font BlueHighway8 using texture size 256x128
02:35:58: Info: Freetype returned null for character 96 in font BlueHighway8
02:35:58: Info: Freetype returned null for character 127 in font BlueHighway8
02:35:58: Info: Freetype returned null for character 128 in font BlueHighway8
02:35:58: Info: Freetype returned null for character 129 in font BlueHighway8
02:35:58: Info: Freetype returned null for character 130 in font BlueHighway8
02:35:58: Info: Freetype returned null for character 131 in font BlueHighway8
02:35:58: Info: Freetype returned null for character 132 in font BlueHighway8
02:35:58: Info: Freetype returned null for character 133 in font BlueHighway8
02:35:58: Info: Freetype returned null for character 134 in font BlueHighway8
02:35:58: Info: Freetype returned null for character 135 in font BlueHighway8
02:35:58: Info: Freetype returned null for character 136 in font BlueHighway8
02:35:58: Info: Freetype returned null for character 137 in font BlueHighway8
02:35:58: Info: Freetype returned null for character 138 in font BlueHighway8
02:35:58: Info: Freetype returned null for character 139 in font BlueHighway8
02:35:58: Info: Freetype returned null for character 140 in font BlueHighway8
02:35:58: Info: Freetype returned null for character 141 in font BlueHighway8
02:35:58: Info: Freetype returned null for character 142 in font BlueHighway8
02:35:58: Info: Freetype returned null for character 143 in font BlueHighway8
02:35:58: Info: Freetype returned null for character 144 in font BlueHighway8
02:35:58: Info: Freetype returned null for character 145 in font BlueHighway8
02:35:58: Info: Freetype returned null for character 146 in font BlueHighway8
02:35:58: Info: Freetype returned null for character 147 in font BlueHighway8
02:35:58: Info: Freetype returned null for character 148 in font BlueHighway8
02:35:58: Info: Freetype returned null for character 149 in font BlueHighway8
02:35:58: Info: Freetype returned null for character 150 in font BlueHighway8
02:35:58: Info: Freetype returned null for character 151 in font BlueHighway8
02:35:58: Info: Freetype returned null for character 152 in font BlueHighway8
02:35:58: Info: Freetype returned null for character 153 in font BlueHighway8
02:35:58: Info: Freetype returned null for character 154 in font BlueHighway8
02:35:58: Info: Freetype returned null for character 155 in font BlueHighway8
02:35:58: Info: Freetype returned null for character 156 in font BlueHighway8
02:35:58: Info: Freetype returned null for character 157 in font BlueHighway8
02:35:58: Info: Freetype returned null for character 158 in font BlueHighway8
02:35:58: Info: Freetype returned null for character 159 in font BlueHighway8
02:35:58: Info: Freetype returned null for character 160 in font BlueHighway8
02:35:58: Texture: BlueHighway8Texture: Loading 1 faces(PF_BYTE_LA,256x128x1) with 0 generated mipmaps from Image. Internal format is PF_BYTE_LA,256x128x1.
02:39:59: DefaultWorkQueue('Root') shutting down on thread e18.
02:39:59: DefaultWorkQueue('Root')::WorkerFunc - thread ca4 stopped.
02:39:59: PCZone Factory Type 'ZoneType_Octree' unregistered
02:39:59: *-*-* OGRE Shutdown
02:39:59: Unregistering ResourceManager for type Compositor
02:39:59: Unregistering ResourceManager for type Skeleton
02:39:59: Unregistering ResourceManager for type Mesh
02:39:59: Unregistering ResourceManager for type HighLevelGpuProgram
02:39:59: Uninstalling plugin: Octree Scene Manager
02:39:59: Plugin successfully uninstalled
02:39:59: Unloading library .\Plugin_OctreeSceneManager_d
02:39:59: Uninstalling plugin: Octree Zone Factory
02:39:59: Plugin successfully uninstalled
02:39:59: Unloading library .\Plugin_OctreeZone_d
02:39:59: Uninstalling plugin: Portal Connected Zone Scene Manager
02:39:59: Plugin successfully uninstalled
02:39:59: Unloading library .\Plugin_PCZSceneManager_d
02:39:59: Uninstalling plugin: GL RenderSystem
02:39:59: *** Stopping Win32GL Subsystem ***
02:39:59: Plugin successfully uninstalled
02:39:59: Unloading library .\RenderSystem_GL_d
02:39:59: Uninstalling plugin: D3D9 RenderSystem
02:39:59: D3D9 device: 0x[062F1580] destroy. Releasing D3D9 texture: BlueHighwayBigTexture
02:39:59: Released D3D9 texture: BlueHighwayBigTexture
02:39:59: D3D9 : Shutting down cleanly.
02:39:59: Unregistering ResourceManager for type Texture
02:39:59: Unregistering ResourceManager for type GpuProgram
02:39:59: D3D9 : Direct3D9 Rendering Subsystem destroyed.
02:39:59: Plugin successfully uninstalled
02:39:59: Unloading library .\RenderSystem_Direct3D9_d
02:39:59: Unregistering ResourceManager for type Material
